09:58:07:352  INFO 23820 --- [main] com.hmall.item.ItemApplication           : Starting ItemApplication using Java 17.0.15 on zzb with PID 23820 (D:\springcloudcode\hmall\item-service\target\classes started by 19119 in D:\springcloudcode\hmall)
09:58:07:356 DEBUG 23820 --- [main] com.hmall.item.ItemApplication           : Running with Spring Boot v2.7.12, Spring v5.3.27
09:58:07:357  INFO 23820 --- [main] com.hmall.item.ItemApplication           : The following 1 profile is active: "local"
09:58:08:774  INFO 23820 --- [main] o.s.cloud.context.scope.GenericScope     : BeanFactory id=34d563f5-092b-3ddb-867c-eb3c2beb9dbe
09:58:09:099  INFO 23820 --- [main] o.s.b.w.embedded.tomcat.TomcatWebServer  : Tomcat initialized with port(s): 8081 (http)
09:58:09:110  INFO 23820 --- [main] o.apache.catalina.core.StandardService   : Starting service [Tomcat]
09:58:09:110  INFO 23820 --- [main] org.apache.catalina.core.StandardEngine  : Starting Servlet engine: [Apache Tomcat/9.0.75]
09:58:09:246  INFO 23820 --- [main] o.a.c.c.C.[Tomcat].[localhost].[/]       : Initializing Spring embedded WebApplicationContext
09:58:09:246  INFO 23820 --- [main] w.s.c.ServletWebServerApplicationContext : Root WebApplicationContext: initialization completed in 1825 ms
09:58:09:988  INFO 24568 --- [main] com.hmall.item.ItemApplication           : Starting ItemApplication using Java 17.0.15 on zzb with PID 24568 (D:\springcloudcode\hmall\item-service\target\classes started by 19119 in D:\springcloudcode\hmall)
09:58:09:991 DEBUG 24568 --- [main] com.hmall.item.ItemApplication           : Running with Spring Boot v2.7.12, Spring v5.3.27
09:58:09:992  INFO 24568 --- [main] com.hmall.item.ItemApplication           : The following 1 profile is active: "local"
09:58:11:016  INFO 24568 --- [main] o.s.cloud.context.scope.GenericScope     : BeanFactory id=34d563f5-092b-3ddb-867c-eb3c2beb9dbe
09:58:11:501  INFO 24568 --- [main] o.s.b.w.embedded.tomcat.TomcatWebServer  : Tomcat initialized with port(s): 8083 (http)
09:58:11:517  INFO 24568 --- [main] o.apache.catalina.core.StandardService   : Starting service [Tomcat]
09:58:11:517  INFO 24568 --- [main] org.apache.catalina.core.StandardEngine  : Starting Servlet engine: [Apache Tomcat/9.0.75]
09:58:11:659  INFO 24568 --- [main] o.a.c.c.C.[Tomcat].[localhost].[/]       : Initializing Spring embedded WebApplicationContext
09:58:11:659  INFO 24568 --- [main] w.s.c.ServletWebServerApplicationContext : Root WebApplicationContext: initialization completed in 1599 ms
09:58:11:669  INFO 23820 --- [main] o.s.cloud.commons.util.InetUtils         : Cannot determine local hostname
09:58:11:709  INFO 23820 --- [main] pertySourcedRequestMappingHandlerMapping : Mapped URL path [/v2/api-docs] onto method [springfox.documentation.swagger2.web.Swagger2ControllerWebMvc#getDocumentation(String, HttpServletRequest)]
09:58:13:055  INFO 23820 --- [main] o.s.cloud.commons.util.InetUtils         : Cannot determine local hostname
09:58:13:249  INFO 23820 --- [main] com.alibaba.nacos.common.remote.client   : [RpcClientFactory] create a new rpc client of 35d3942f-4986-42d8-ab1b-ae6330ea8ac9
09:58:13:323  INFO 23820 --- [main] org.reflections.Reflections              : Reflections took 33 ms to scan 1 urls, producing 3 keys and 6 values 
09:58:13:349  INFO 23820 --- [main] org.reflections.Reflections              : Reflections took 9 ms to scan 1 urls, producing 4 keys and 9 values 
09:58:13:356  INFO 23820 --- [main] org.reflections.Reflections              : Reflections took 5 ms to scan 1 urls, producing 3 keys and 10 values 
09:58:13:358  WARN 23820 --- [main] org.reflections.Reflections              : given scan urls are empty. set urls in the configuration
09:58:13:368  INFO 23820 --- [main] org.reflections.Reflections              : Reflections took 9 ms to scan 1 urls, producing 1 keys and 5 values 
09:58:13:376  INFO 23820 --- [main] org.reflections.Reflections              : Reflections took 6 ms to scan 1 urls, producing 1 keys and 7 values 
09:58:13:386  INFO 23820 --- [main] org.reflections.Reflections              : Reflections took 7 ms to scan 1 urls, producing 2 keys and 8 values 
09:58:13:388  WARN 23820 --- [main] org.reflections.Reflections              : given scan urls are empty. set urls in the configuration
09:58:13:389  INFO 23820 --- [main] com.alibaba.nacos.common.remote.client   : [35d3942f-4986-42d8-ab1b-ae6330ea8ac9] RpcClient init label, labels = {module=naming, source=sdk}
09:58:13:391  INFO 23820 --- [main] com.alibaba.nacos.common.remote.client   : [35d3942f-4986-42d8-ab1b-ae6330ea8ac9] RpcClient init, ServerListFactory = com.alibaba.nacos.client.naming.core.ServerListManager
09:58:13:391  INFO 23820 --- [main] com.alibaba.nacos.common.remote.client   : [35d3942f-4986-42d8-ab1b-ae6330ea8ac9] Registry connection listener to current client:com.alibaba.nacos.client.naming.remote.gprc.redo.NamingGrpcRedoService
09:58:13:392  INFO 23820 --- [main] com.alibaba.nacos.common.remote.client   : [35d3942f-4986-42d8-ab1b-ae6330ea8ac9] Register server push request handler:com.alibaba.nacos.client.naming.remote.gprc.NamingPushRequestHandler
09:58:13:394  INFO 23820 --- [main] com.alibaba.nacos.common.remote.client   : [35d3942f-4986-42d8-ab1b-ae6330ea8ac9] Try to connect to server on start up, server: {serverIp = '192.168.100.130', server main port = 8848}
09:58:14:343  INFO 24568 --- [main] o.s.cloud.commons.util.InetUtils         : Cannot determine local hostname
09:58:14:391  INFO 24568 --- [main] pertySourcedRequestMappingHandlerMapping : Mapped URL path [/v2/api-docs] onto method [springfox.documentation.swagger2.web.Swagger2ControllerWebMvc#getDocumentation(String, HttpServletRequest)]
09:58:14:499  INFO 23820 --- [main] com.alibaba.nacos.common.remote.client   : [35d3942f-4986-42d8-ab1b-ae6330ea8ac9] Success to connect to server [192.168.100.130:8848] on start up, connectionId = 1763344695017_192.168.100.1_54570
09:58:14:500  INFO 23820 --- [com.alibaba.nacos.client.remote.worker] com.alibaba.nacos.common.remote.client   : [35d3942f-4986-42d8-ab1b-ae6330ea8ac9] Notify connected event to listeners.
09:58:14:501  INFO 23820 --- [main] com.alibaba.nacos.common.remote.client   : [35d3942f-4986-42d8-ab1b-ae6330ea8ac9] Register server push request handler:com.alibaba.nacos.common.remote.client.RpcClient$ConnectResetRequestHandler
09:58:14:501  INFO 23820 --- [main] com.alibaba.nacos.common.remote.client   : [35d3942f-4986-42d8-ab1b-ae6330ea8ac9] Register server push request handler:com.alibaba.nacos.common.remote.client.RpcClient$$Lambda$953/0x0000015b8170c6b8
09:58:14:604  INFO 23820 --- [main] o.s.b.w.embedded.tomcat.TomcatWebServer  : Tomcat started on port(s): 8081 (http) with context path ''
09:58:14:616  INFO 23820 --- [main] c.a.c.n.registry.NacosServiceRegistry    : nacos registry, DEFAULT_GROUP item-service 192.168.100.1:8081 register finished
09:58:15:102  INFO 23820 --- [nacos-grpc-client-executor-9] com.alibaba.nacos.common.remote.client   : [35d3942f-4986-42d8-ab1b-ae6330ea8ac9] Receive server push request, request = NotifySubscriberRequest, requestId = 13
09:58:15:116  INFO 23820 --- [nacos-grpc-client-executor-9] com.alibaba.nacos.common.remote.client   : [35d3942f-4986-42d8-ab1b-ae6330ea8ac9] Ack server push request, request = NotifySubscriberRequest, requestId = 13
09:58:15:664  INFO 24568 --- [main] o.s.cloud.commons.util.InetUtils         : Cannot determine local hostname
09:58:15:802  INFO 23820 --- [main] o.s.cloud.commons.util.InetUtils         : Cannot determine local hostname
09:58:15:803  INFO 23820 --- [main] d.s.w.p.DocumentationPluginsBootstrapper : Documentation plugins bootstrapped
09:58:15:806  INFO 23820 --- [main] d.s.w.p.DocumentationPluginsBootstrapper : Found 1 custom documentation plugin(s)
09:58:15:824  INFO 24568 --- [main] com.alibaba.nacos.common.remote.client   : [RpcClientFactory] create a new rpc client of aad40efa-e3a1-4a74-90c3-d4baf8ba2486
09:58:15:843  INFO 23820 --- [main] s.d.s.w.s.ApiListingReferenceScanner     : Scanning for api listing references
09:58:15:889  INFO 24568 --- [main] org.reflections.Reflections              : Reflections took 31 ms to scan 1 urls, producing 3 keys and 6 values 
09:58:15:915  INFO 24568 --- [main] org.reflections.Reflections              : Reflections took 9 ms to scan 1 urls, producing 4 keys and 9 values 
09:58:15:927  INFO 24568 --- [main] org.reflections.Reflections              : Reflections took 8 ms to scan 1 urls, producing 3 keys and 10 values 
09:58:15:929  WARN 24568 --- [main] org.reflections.Reflections              : given scan urls are empty. set urls in the configuration
09:58:15:937  INFO 24568 --- [main] org.reflections.Reflections              : Reflections took 7 ms to scan 1 urls, producing 1 keys and 5 values 
09:58:15:949  INFO 24568 --- [main] org.reflections.Reflections              : Reflections took 10 ms to scan 1 urls, producing 1 keys and 7 values 
09:58:15:957  INFO 24568 --- [main] org.reflections.Reflections              : Reflections took 6 ms to scan 1 urls, producing 2 keys and 8 values 
09:58:15:959  WARN 24568 --- [main] org.reflections.Reflections              : given scan urls are empty. set urls in the configuration
09:58:15:960  INFO 24568 --- [main] com.alibaba.nacos.common.remote.client   : [aad40efa-e3a1-4a74-90c3-d4baf8ba2486] RpcClient init label, labels = {module=naming, source=sdk}
09:58:15:963  INFO 24568 --- [main] com.alibaba.nacos.common.remote.client   : [aad40efa-e3a1-4a74-90c3-d4baf8ba2486] RpcClient init, ServerListFactory = com.alibaba.nacos.client.naming.core.ServerListManager
09:58:15:963  INFO 24568 --- [main] com.alibaba.nacos.common.remote.client   : [aad40efa-e3a1-4a74-90c3-d4baf8ba2486] Registry connection listener to current client:com.alibaba.nacos.client.naming.remote.gprc.redo.NamingGrpcRedoService
09:58:15:964  INFO 24568 --- [main] com.alibaba.nacos.common.remote.client   : [aad40efa-e3a1-4a74-90c3-d4baf8ba2486] Register server push request handler:com.alibaba.nacos.client.naming.remote.gprc.NamingPushRequestHandler
09:58:15:966  INFO 24568 --- [main] com.alibaba.nacos.common.remote.client   : [aad40efa-e3a1-4a74-90c3-d4baf8ba2486] Try to connect to server on start up, server: {serverIp = '192.168.100.130', server main port = 8848}
09:58:16:012  INFO 23820 --- [main] com.hmall.item.ItemApplication           : Started ItemApplication in 10.444 seconds (JVM running for 11.457)
09:58:17:282  INFO 24568 --- [main] com.alibaba.nacos.common.remote.client   : [aad40efa-e3a1-4a74-90c3-d4baf8ba2486] Success to connect to server [192.168.100.130:8848] on start up, connectionId = 1763344697784_192.168.100.1_54587
09:58:17:283  INFO 24568 --- [com.alibaba.nacos.client.remote.worker] com.alibaba.nacos.common.remote.client   : [aad40efa-e3a1-4a74-90c3-d4baf8ba2486] Notify connected event to listeners.
09:58:17:284  INFO 24568 --- [main] com.alibaba.nacos.common.remote.client   : [aad40efa-e3a1-4a74-90c3-d4baf8ba2486] Register server push request handler:com.alibaba.nacos.common.remote.client.RpcClient$ConnectResetRequestHandler
09:58:17:284  INFO 24568 --- [main] com.alibaba.nacos.common.remote.client   : [aad40efa-e3a1-4a74-90c3-d4baf8ba2486] Register server push request handler:com.alibaba.nacos.common.remote.client.RpcClient$$Lambda$953/0x000001c681735448
09:58:17:371  INFO 24568 --- [main] o.s.b.w.embedded.tomcat.TomcatWebServer  : Tomcat started on port(s): 8083 (http) with context path ''
09:58:17:384  INFO 24568 --- [main] c.a.c.n.registry.NacosServiceRegistry    : nacos registry, DEFAULT_GROUP item-service 192.168.100.1:8083 register finished
09:58:17:866  INFO 23820 --- [nacos-grpc-client-executor-11] com.alibaba.nacos.common.remote.client   : [35d3942f-4986-42d8-ab1b-ae6330ea8ac9] Receive server push request, request = NotifySubscriberRequest, requestId = 14
09:58:17:877  INFO 24568 --- [nacos-grpc-client-executor-8] com.alibaba.nacos.common.remote.client   : [aad40efa-e3a1-4a74-90c3-d4baf8ba2486] Receive server push request, request = NotifySubscriberRequest, requestId = 15
09:58:17:883  INFO 23820 --- [nacos-grpc-client-executor-11] com.alibaba.nacos.common.remote.client   : [35d3942f-4986-42d8-ab1b-ae6330ea8ac9] Ack server push request, request = NotifySubscriberRequest, requestId = 14
09:58:17:883  INFO 24568 --- [nacos-grpc-client-executor-8] com.alibaba.nacos.common.remote.client   : [aad40efa-e3a1-4a74-90c3-d4baf8ba2486] Ack server push request, request = NotifySubscriberRequest, requestId = 15
09:58:18:589  INFO 24568 --- [main] o.s.cloud.commons.util.InetUtils         : Cannot determine local hostname
09:58:18:590  INFO 24568 --- [main] d.s.w.p.DocumentationPluginsBootstrapper : Documentation plugins bootstrapped
09:58:18:592  INFO 24568 --- [main] d.s.w.p.DocumentationPluginsBootstrapper : Found 1 custom documentation plugin(s)
09:58:18:621  INFO 24568 --- [main] s.d.s.w.s.ApiListingReferenceScanner     : Scanning for api listing references
09:58:18:751  INFO 24568 --- [main] com.hmall.item.ItemApplication           : Started ItemApplication in 10.517 seconds (JVM running for 11.265)
10:01:38:046  INFO 23820 --- [http-nio-8081-exec-1] o.a.c.c.C.[Tomcat].[localhost].[/]       : Initializing Spring DispatcherServlet 'dispatcherServlet'
10:01:38:048  INFO 23820 --- [http-nio-8081-exec-1] o.s.web.servlet.DispatcherServlet        : Initializing Servlet 'dispatcherServlet'
10:01:38:050  INFO 23820 --- [http-nio-8081-exec-1] o.s.web.servlet.DispatcherServlet        : Completed initialization in 1 ms
10:01:38:331  INFO 23820 --- [http-nio-8081-exec-1] com.zaxxer.hikari.HikariDataSource       : HikariPool-1 - Starting...
10:01:38:927  INFO 23820 --- [http-nio-8081-exec-1] com.zaxxer.hikari.HikariDataSource       : HikariPool-1 - Start completed.
10:01:38:937 DEBUG 23820 --- [http-nio-8081-exec-1] c.h.i.m.ItemMapper.selectList_mpCount    : ==>  Preparing: SELECT COUNT(*) AS total FROM item WHERE (status = ?)
10:01:38:969 DEBUG 23820 --- [http-nio-8081-exec-1] c.h.i.m.ItemMapper.selectList_mpCount    : ==> Parameters: 1(Integer)
10:01:39:084 DEBUG 23820 --- [http-nio-8081-exec-1] c.h.i.m.ItemMapper.selectList_mpCount    : <==      Total: 1
10:01:39:104 DEBUG 23820 --- [http-nio-8081-exec-1] c.h.item.mapper.ItemMapper.selectList    : ==>  Preparing: SELECT id, name, price, stock, image, category, brand, spec, sold, comment_count, isAD, status, create_time, update_time, creater, updater FROM item WHERE (status = ?) ORDER BY update_time DESC LIMIT ?
10:01:39:105 DEBUG 23820 --- [http-nio-8081-exec-1] c.h.item.mapper.ItemMapper.selectList    : ==> Parameters: 1(Integer), 20(Long)
10:01:39:153 DEBUG 23820 --- [http-nio-8081-exec-1] c.h.item.mapper.ItemMapper.selectList    : <==      Total: 20
10:01:41:299  INFO 24568 --- [http-nio-8083-exec-1] o.a.c.c.C.[Tomcat].[localhost].[/]       : Initializing Spring DispatcherServlet 'dispatcherServlet'
10:01:41:299  INFO 24568 --- [http-nio-8083-exec-1] o.s.web.servlet.DispatcherServlet        : Initializing Servlet 'dispatcherServlet'
10:01:41:301  INFO 24568 --- [http-nio-8083-exec-1] o.s.web.servlet.DispatcherServlet        : Completed initialization in 1 ms
10:01:41:600  INFO 24568 --- [http-nio-8083-exec-1] com.zaxxer.hikari.HikariDataSource       : HikariPool-1 - Starting...
10:01:42:005  INFO 24568 --- [http-nio-8083-exec-1] com.zaxxer.hikari.HikariDataSource       : HikariPool-1 - Start completed.
10:01:42:014 DEBUG 24568 --- [http-nio-8083-exec-1] c.h.i.m.ItemMapper.selectList_mpCount    : ==>  Preparing: SELECT COUNT(*) AS total FROM item WHERE (status = ?)
10:01:42:046 DEBUG 24568 --- [http-nio-8083-exec-1] c.h.i.m.ItemMapper.selectList_mpCount    : ==> Parameters: 1(Integer)
10:01:42:108 DEBUG 24568 --- [http-nio-8083-exec-1] c.h.i.m.ItemMapper.selectList_mpCount    : <==      Total: 1
10:01:42:129 DEBUG 24568 --- [http-nio-8083-exec-1] c.h.item.mapper.ItemMapper.selectList    : ==>  Preparing: SELECT id, name, price, stock, image, category, brand, spec, sold, comment_count, isAD, status, create_time, update_time, creater, updater FROM item WHERE (status = ?) ORDER BY update_time DESC LIMIT ?
10:01:42:130 DEBUG 24568 --- [http-nio-8083-exec-1] c.h.item.mapper.ItemMapper.selectList    : ==> Parameters: 1(Integer), 20(Long)
10:01:42:157 DEBUG 24568 --- [http-nio-8083-exec-1] c.h.item.mapper.ItemMapper.selectList    : <==      Total: 20
10:06:03:844  WARN 23820 --- [Thread-4] c.a.nacos.common.notify.NotifyCenter     : [NotifyCenter] Start destroying Publisher
10:06:03:844  WARN 23820 --- [Thread-7] c.a.n.common.http.HttpClientBeanHolder   : [HttpClientBeanHolder] Start destroying common HttpClient
10:06:03:845  WARN 23820 --- [Thread-4] c.a.nacos.common.notify.NotifyCenter     : [NotifyCenter] Destruction of the end
10:06:03:845  WARN 23820 --- [Thread-7] c.a.n.common.http.HttpClientBeanHolder   : [HttpClientBeanHolder] Destruction of the end
10:06:03:865  WARN 24568 --- [Thread-7] c.a.n.common.http.HttpClientBeanHolder   : [HttpClientBeanHolder] Start destroying common HttpClient
10:06:03:865  WARN 24568 --- [Thread-4] c.a.nacos.common.notify.NotifyCenter     : [NotifyCenter] Start destroying Publisher
10:06:03:865  WARN 24568 --- [Thread-4] c.a.nacos.common.notify.NotifyCenter     : [NotifyCenter] Destruction of the end
10:06:03:866  WARN 24568 --- [Thread-7] c.a.n.common.http.HttpClientBeanHolder   : [HttpClientBeanHolder] Destruction of the end
10:06:03:905  INFO 23820 --- [SpringApplicationShutdownHook] c.a.c.n.registry.NacosServiceRegistry    : De-registering from Nacos Server now...
10:06:03:911  INFO 23820 --- [SpringApplicationShutdownHook] c.a.c.n.registry.NacosServiceRegistry    : De-registration finished.
10:06:03:911  INFO 24568 --- [SpringApplicationShutdownHook] c.a.c.n.registry.NacosServiceRegistry    : De-registering from Nacos Server now...
10:06:03:917  INFO 24568 --- [SpringApplicationShutdownHook] c.a.c.n.registry.NacosServiceRegistry    : De-registration finished.
10:06:04:245  INFO 24568 --- [SpringApplicationShutdownHook] com.alibaba.nacos.common.remote.client   : Shutdown rpc client, set status to shutdown
10:06:04:245  INFO 24568 --- [SpringApplicationShutdownHook] com.alibaba.nacos.common.remote.client   : Shutdown client event executor java.util.concurrent.ScheduledThreadPoolExecutor@4a8f3085[Running, pool size = 2, active threads = 2, queued tasks = 0, completed tasks = 0]
10:06:04:245  INFO 24568 --- [SpringApplicationShutdownHook] com.alibaba.nacos.common.remote.client   : Close current connection 1763344697784_192.168.100.1_54587
10:06:04:245  INFO 23820 --- [SpringApplicationShutdownHook] com.alibaba.nacos.common.remote.client   : Shutdown rpc client, set status to shutdown
10:06:04:245  INFO 23820 --- [SpringApplicationShutdownHook] com.alibaba.nacos.common.remote.client   : Shutdown client event executor java.util.concurrent.ScheduledThreadPoolExecutor@30e1cc6f[Running, pool size = 2, active threads = 2, queued tasks = 0, completed tasks = 0]
10:06:04:245  INFO 23820 --- [SpringApplicationShutdownHook] com.alibaba.nacos.common.remote.client   : Close current connection 1763344695017_192.168.100.1_54570
10:06:04:248  INFO 24568 --- [nacos-grpc-client-executor-108] c.a.n.c.remote.client.grpc.GrpcClient    : [1763344697784_192.168.100.1_54587]Ignore complete event,isRunning:false,isAbandon=false
10:06:04:249  INFO 23820 --- [nacos-grpc-client-executor-110] c.a.n.c.remote.client.grpc.GrpcClient    : [1763344695017_192.168.100.1_54570]Ignore complete event,isRunning:false,isAbandon=false
10:06:04:252  INFO 24568 --- [SpringApplicationShutdownHook] c.a.n.c.remote.client.grpc.GrpcClient    : Shutdown grpc executor java.util.concurrent.ThreadPoolExecutor@1ad44fcb[Running, pool size = 5, active threads = 0, queued tasks = 0, completed tasks = 109]
10:06:04:252  INFO 23820 --- [SpringApplicationShutdownHook] c.a.n.c.remote.client.grpc.GrpcClient    : Shutdown grpc executor java.util.concurrent.ThreadPoolExecutor@24407a66[Running, pool size = 5, active threads = 0, queued tasks = 0, completed tasks = 111]
10:06:04:256  INFO 23820 --- [SpringApplicationShutdownHook] com.zaxxer.hikari.HikariDataSource       : HikariPool-1 - Shutdown initiated...
10:06:04:257  INFO 24568 --- [SpringApplicationShutdownHook] com.zaxxer.hikari.HikariDataSource       : HikariPool-1 - Shutdown initiated...
10:06:04:280  INFO 24568 --- [SpringApplicationShutdownHook] com.zaxxer.hikari.HikariDataSource       : HikariPool-1 - Shutdown completed.
10:06:04:281  INFO 23820 --- [SpringApplicationShutdownHook] com.zaxxer.hikari.HikariDataSource       : HikariPool-1 - Shutdown completed.
10:06:52:692  INFO 24468 --- [main] com.hmall.item.ItemApplication           : Starting ItemApplication using Java 17.0.15 on zzb with PID 24468 (D:\springcloudcode\hmall\item-service\target\classes started by 19119 in D:\springcloudcode\hmall)
10:06:52:694 DEBUG 24468 --- [main] com.hmall.item.ItemApplication           : Running with Spring Boot v2.7.12, Spring v5.3.27
10:06:52:695  INFO 24468 --- [main] com.hmall.item.ItemApplication           : The following 1 profile is active: "local"
10:06:53:514  INFO 24468 --- [main] o.s.cloud.context.scope.GenericScope     : BeanFactory id=34d563f5-092b-3ddb-867c-eb3c2beb9dbe
10:06:53:800  INFO 24468 --- [main] o.s.b.w.embedded.tomcat.TomcatWebServer  : Tomcat initialized with port(s): 8083 (http)
10:06:53:807  INFO 24468 --- [main] o.apache.catalina.core.StandardService   : Starting service [Tomcat]
10:06:53:807  INFO 24468 --- [main] org.apache.catalina.core.StandardEngine  : Starting Servlet engine: [Apache Tomcat/9.0.75]
10:06:53:888  INFO 24468 --- [main] o.a.c.c.C.[Tomcat].[localhost].[/]       : Initializing Spring embedded WebApplicationContext
10:06:53:889  INFO 24468 --- [main] w.s.c.ServletWebServerApplicationContext : Root WebApplicationContext: initialization completed in 1148 ms
10:06:55:819  INFO 24468 --- [main] o.s.cloud.commons.util.InetUtils         : Cannot determine local hostname
10:06:55:848  INFO 24468 --- [main] pertySourcedRequestMappingHandlerMapping : Mapped URL path [/v2/api-docs] onto method [springfox.documentation.swagger2.web.Swagger2ControllerWebMvc#getDocumentation(String, HttpServletRequest)]
10:06:57:006  INFO 24468 --- [main] o.s.cloud.commons.util.InetUtils         : Cannot determine local hostname
10:06:57:360  INFO 24468 --- [main] com.alibaba.nacos.common.remote.client   : [RpcClientFactory] create a new rpc client of c08cf3ff-b40e-4704-ab8a-d565c92e5d9d
10:06:57:465  INFO 24468 --- [main] org.reflections.Reflections              : Reflections took 43 ms to scan 1 urls, producing 3 keys and 6 values 
10:06:57:511  INFO 24468 --- [main] org.reflections.Reflections              : Reflections took 18 ms to scan 1 urls, producing 4 keys and 9 values 
10:06:57:524  INFO 24468 --- [main] org.reflections.Reflections              : Reflections took 9 ms to scan 1 urls, producing 3 keys and 10 values 
10:06:57:528  WARN 24468 --- [main] org.reflections.Reflections              : given scan urls are empty. set urls in the configuration
10:06:57:539  INFO 24468 --- [main] org.reflections.Reflections              : Reflections took 10 ms to scan 1 urls, producing 1 keys and 5 values 
10:06:57:549  INFO 24468 --- [main] org.reflections.Reflections              : Reflections took 8 ms to scan 1 urls, producing 1 keys and 7 values 
10:06:57:560  INFO 24468 --- [main] org.reflections.Reflections              : Reflections took 7 ms to scan 1 urls, producing 2 keys and 8 values 
10:06:57:562  WARN 24468 --- [main] org.reflections.Reflections              : given scan urls are empty. set urls in the configuration
10:06:57:563  INFO 24468 --- [main] com.alibaba.nacos.common.remote.client   : [c08cf3ff-b40e-4704-ab8a-d565c92e5d9d] RpcClient init label, labels = {module=naming, source=sdk}
10:06:57:565  INFO 24468 --- [main] com.alibaba.nacos.common.remote.client   : [c08cf3ff-b40e-4704-ab8a-d565c92e5d9d] RpcClient init, ServerListFactory = com.alibaba.nacos.client.naming.core.ServerListManager
10:06:57:565  INFO 24468 --- [main] com.alibaba.nacos.common.remote.client   : [c08cf3ff-b40e-4704-ab8a-d565c92e5d9d] Registry connection listener to current client:com.alibaba.nacos.client.naming.remote.gprc.redo.NamingGrpcRedoService
10:06:57:566  INFO 24468 --- [main] com.alibaba.nacos.common.remote.client   : [c08cf3ff-b40e-4704-ab8a-d565c92e5d9d] Register server push request handler:com.alibaba.nacos.client.naming.remote.gprc.NamingPushRequestHandler
10:06:57:569  INFO 24468 --- [main] com.alibaba.nacos.common.remote.client   : [c08cf3ff-b40e-4704-ab8a-d565c92e5d9d] Try to connect to server on start up, server: {serverIp = '192.168.100.130', server main port = 8848}
10:06:59:027  INFO 24468 --- [main] com.alibaba.nacos.common.remote.client   : [c08cf3ff-b40e-4704-ab8a-d565c92e5d9d] Success to connect to server [192.168.100.130:8848] on start up, connectionId = 1763345219413_192.168.100.1_56977
10:06:59:027  INFO 24468 --- [main] com.alibaba.nacos.common.remote.client   : [c08cf3ff-b40e-4704-ab8a-d565c92e5d9d] Register server push request handler:com.alibaba.nacos.common.remote.client.RpcClient$ConnectResetRequestHandler
10:06:59:027  INFO 24468 --- [com.alibaba.nacos.client.remote.worker] com.alibaba.nacos.common.remote.client   : [c08cf3ff-b40e-4704-ab8a-d565c92e5d9d] Notify connected event to listeners.
10:06:59:028  INFO 24468 --- [main] com.alibaba.nacos.common.remote.client   : [c08cf3ff-b40e-4704-ab8a-d565c92e5d9d] Register server push request handler:com.alibaba.nacos.common.remote.client.RpcClient$$Lambda$953/0x000002c00173ab90
10:06:59:167  INFO 24468 --- [main] o.s.b.w.embedded.tomcat.TomcatWebServer  : Tomcat started on port(s): 8083 (http) with context path ''
10:06:59:191  INFO 24468 --- [main] c.a.c.n.registry.NacosServiceRegistry    : nacos registry, DEFAULT_GROUP item-service 192.168.100.1:8083 register finished
10:06:59:595  INFO 24468 --- [nacos-grpc-client-executor-8] com.alibaba.nacos.common.remote.client   : [c08cf3ff-b40e-4704-ab8a-d565c92e5d9d] Receive server push request, request = NotifySubscriberRequest, requestId = 24
10:06:59:624  INFO 24468 --- [nacos-grpc-client-executor-8] com.alibaba.nacos.common.remote.client   : [c08cf3ff-b40e-4704-ab8a-d565c92e5d9d] Ack server push request, request = NotifySubscriberRequest, requestId = 24
10:07:00:486  INFO 24468 --- [main] o.s.cloud.commons.util.InetUtils         : Cannot determine local hostname
10:07:00:487  INFO 24468 --- [main] d.s.w.p.DocumentationPluginsBootstrapper : Documentation plugins bootstrapped
10:07:00:494  INFO 24468 --- [main] d.s.w.p.DocumentationPluginsBootstrapper : Found 1 custom documentation plugin(s)
10:07:00:574  INFO 24468 --- [main] s.d.s.w.s.ApiListingReferenceScanner     : Scanning for api listing references
10:07:00:756  INFO 24468 --- [main] com.hmall.item.ItemApplication           : Started ItemApplication in 9.727 seconds (JVM running for 10.297)
10:08:05:020  INFO 24468 --- [http-nio-8083-exec-1] o.a.c.c.C.[Tomcat].[localhost].[/]       : Initializing Spring DispatcherServlet 'dispatcherServlet'
10:08:05:020  INFO 24468 --- [http-nio-8083-exec-1] o.s.web.servlet.DispatcherServlet        : Initializing Servlet 'dispatcherServlet'
10:08:05:021  INFO 24468 --- [http-nio-8083-exec-1] o.s.web.servlet.DispatcherServlet        : Completed initialization in 1 ms
10:08:05:256  INFO 24468 --- [http-nio-8083-exec-1] com.zaxxer.hikari.HikariDataSource       : HikariPool-1 - Starting...
10:08:05:654  INFO 24468 --- [http-nio-8083-exec-1] com.zaxxer.hikari.HikariDataSource       : HikariPool-1 - Start completed.
10:08:05:664 DEBUG 24468 --- [http-nio-8083-exec-1] c.h.i.m.ItemMapper.selectList_mpCount    : ==>  Preparing: SELECT COUNT(*) AS total FROM item WHERE (status = ?)
10:08:05:696 DEBUG 24468 --- [http-nio-8083-exec-1] c.h.i.m.ItemMapper.selectList_mpCount    : ==> Parameters: 1(Integer)
10:08:05:758 DEBUG 24468 --- [http-nio-8083-exec-1] c.h.i.m.ItemMapper.selectList_mpCount    : <==      Total: 1
10:08:05:841 DEBUG 24468 --- [http-nio-8083-exec-1] c.h.item.mapper.ItemMapper.selectList    : ==>  Preparing: SELECT id, name, price, stock, image, category, brand, spec, sold, comment_count, isAD, status, create_time, update_time, creater, updater FROM item WHERE (status = ?) ORDER BY update_time DESC LIMIT ?
10:08:05:849 DEBUG 24468 --- [http-nio-8083-exec-1] c.h.item.mapper.ItemMapper.selectList    : ==> Parameters: 1(Integer), 20(Long)
10:08:05:889 DEBUG 24468 --- [http-nio-8083-exec-1] c.h.item.mapper.ItemMapper.selectList    : <==      Total: 20
10:08:06:275 DEBUG 24468 --- [http-nio-8083-exec-2] c.h.i.m.ItemMapper.selectList_mpCount    : ==>  Preparing: SELECT COUNT(*) AS total FROM item WHERE (status = ?)
10:08:06:275 DEBUG 24468 --- [http-nio-8083-exec-2] c.h.i.m.ItemMapper.selectList_mpCount    : ==> Parameters: 1(Integer)
10:08:06:293 DEBUG 24468 --- [http-nio-8083-exec-2] c.h.i.m.ItemMapper.selectList_mpCount    : <==      Total: 1
10:08:06:308 DEBUG 24468 --- [http-nio-8083-exec-2] c.h.item.mapper.ItemMapper.selectList    : ==>  Preparing: SELECT id, name, price, stock, image, category, brand, spec, sold, comment_count, isAD, status, create_time, update_time, creater, updater FROM item WHERE (status = ?) ORDER BY update_time DESC LIMIT ?
10:08:06:308 DEBUG 24468 --- [http-nio-8083-exec-2] c.h.item.mapper.ItemMapper.selectList    : ==> Parameters: 1(Integer), 20(Long)
10:08:06:332 DEBUG 24468 --- [http-nio-8083-exec-2] c.h.item.mapper.ItemMapper.selectList    : <==      Total: 20
10:08:25:413 DEBUG 24468 --- [http-nio-8083-exec-3] c.h.i.m.ItemMapper.selectList_mpCount    : ==>  Preparing: SELECT COUNT(*) AS total FROM item WHERE (status = ?)
10:08:25:413 DEBUG 24468 --- [http-nio-8083-exec-3] c.h.i.m.ItemMapper.selectList_mpCount    : ==> Parameters: 1(Integer)
10:08:25:429 DEBUG 24468 --- [http-nio-8083-exec-3] c.h.i.m.ItemMapper.selectList_mpCount    : <==      Total: 1
10:08:25:431 DEBUG 24468 --- [http-nio-8083-exec-3] c.h.item.mapper.ItemMapper.selectList    : ==>  Preparing: SELECT id, name, price, stock, image, category, brand, spec, sold, comment_count, isAD, status, create_time, update_time, creater, updater FROM item WHERE (status = ?) ORDER BY update_time DESC LIMIT ?
10:08:25:432 DEBUG 24468 --- [http-nio-8083-exec-3] c.h.item.mapper.ItemMapper.selectList    : ==> Parameters: 1(Integer), 20(Long)
10:08:25:438 DEBUG 24468 --- [http-nio-8083-exec-3] c.h.item.mapper.ItemMapper.selectList    : <==      Total: 20
10:08:26:147 DEBUG 24468 --- [http-nio-8083-exec-4] c.h.i.m.ItemMapper.selectList_mpCount    : ==>  Preparing: SELECT COUNT(*) AS total FROM item WHERE (status = ?)
10:08:26:147 DEBUG 24468 --- [http-nio-8083-exec-4] c.h.i.m.ItemMapper.selectList_mpCount    : ==> Parameters: 1(Integer)
10:08:26:159 DEBUG 24468 --- [http-nio-8083-exec-4] c.h.i.m.ItemMapper.selectList_mpCount    : <==      Total: 1
10:08:26:164 DEBUG 24468 --- [http-nio-8083-exec-4] c.h.item.mapper.ItemMapper.selectList    : ==>  Preparing: SELECT id, name, price, stock, image, category, brand, spec, sold, comment_count, isAD, status, create_time, update_time, creater, updater FROM item WHERE (status = ?) ORDER BY update_time DESC LIMIT ?
10:08:26:166 DEBUG 24468 --- [http-nio-8083-exec-4] c.h.item.mapper.ItemMapper.selectList    : ==> Parameters: 1(Integer), 20(Long)
10:08:26:174 DEBUG 24468 --- [http-nio-8083-exec-4] c.h.item.mapper.ItemMapper.selectList    : <==      Total: 20
10:08:47:944 DEBUG 24468 --- [http-nio-8083-exec-7] c.h.i.m.ItemMapper.selectList_mpCount    : ==>  Preparing: SELECT COUNT(*) AS total FROM item WHERE (status = ?)
10:08:47:945 DEBUG 24468 --- [http-nio-8083-exec-7] c.h.i.m.ItemMapper.selectList_mpCount    : ==> Parameters: 1(Integer)
10:08:47:962 DEBUG 24468 --- [http-nio-8083-exec-7] c.h.i.m.ItemMapper.selectList_mpCount    : <==      Total: 1
10:08:47:964 DEBUG 24468 --- [http-nio-8083-exec-7] c.h.item.mapper.ItemMapper.selectList    : ==>  Preparing: SELECT id, name, price, stock, image, category, brand, spec, sold, comment_count, isAD, status, create_time, update_time, creater, updater FROM item WHERE (status = ?) ORDER BY update_time DESC LIMIT ?
10:08:47:964 DEBUG 24468 --- [http-nio-8083-exec-7] c.h.item.mapper.ItemMapper.selectList    : ==> Parameters: 1(Integer), 20(Long)
10:08:47:970 DEBUG 24468 --- [http-nio-8083-exec-7] c.h.item.mapper.ItemMapper.selectList    : <==      Total: 20
10:08:54:660 DEBUG 24468 --- [http-nio-8083-exec-6] c.h.i.m.ItemMapper.selectList_mpCount    : ==>  Preparing: SELECT COUNT(*) AS total FROM item WHERE (status = ?)
10:08:54:661 DEBUG 24468 --- [http-nio-8083-exec-6] c.h.i.m.ItemMapper.selectList_mpCount    : ==> Parameters: 1(Integer)
10:08:54:675 DEBUG 24468 --- [http-nio-8083-exec-6] c.h.i.m.ItemMapper.selectList_mpCount    : <==      Total: 1
10:08:54:677 DEBUG 24468 --- [http-nio-8083-exec-6] c.h.item.mapper.ItemMapper.selectList    : ==>  Preparing: SELECT id, name, price, stock, image, category, brand, spec, sold, comment_count, isAD, status, create_time, update_time, creater, updater FROM item WHERE (status = ?) ORDER BY update_time DESC LIMIT ?
10:08:54:677 DEBUG 24468 --- [http-nio-8083-exec-6] c.h.item.mapper.ItemMapper.selectList    : ==> Parameters: 1(Integer), 20(Long)
10:08:54:683 DEBUG 24468 --- [http-nio-8083-exec-6] c.h.item.mapper.ItemMapper.selectList    : <==      Total: 20
10:08:55:327 DEBUG 24468 --- [http-nio-8083-exec-8] c.h.i.m.ItemMapper.selectList_mpCount    : ==>  Preparing: SELECT COUNT(*) AS total FROM item WHERE (status = ?)
10:08:55:328 DEBUG 24468 --- [http-nio-8083-exec-8] c.h.i.m.ItemMapper.selectList_mpCount    : ==> Parameters: 1(Integer)
10:08:55:346 DEBUG 24468 --- [http-nio-8083-exec-8] c.h.i.m.ItemMapper.selectList_mpCount    : <==      Total: 1
10:08:55:349 DEBUG 24468 --- [http-nio-8083-exec-8] c.h.item.mapper.ItemMapper.selectList    : ==>  Preparing: SELECT id, name, price, stock, image, category, brand, spec, sold, comment_count, isAD, status, create_time, update_time, creater, updater FROM item WHERE (status = ?) ORDER BY update_time DESC LIMIT ?
10:08:55:350 DEBUG 24468 --- [http-nio-8083-exec-8] c.h.item.mapper.ItemMapper.selectList    : ==> Parameters: 1(Integer), 20(Long)
10:08:55:356 DEBUG 24468 --- [http-nio-8083-exec-8] c.h.item.mapper.ItemMapper.selectList    : <==      Total: 20
10:08:55:926 DEBUG 24468 --- [http-nio-8083-exec-9] c.h.i.m.ItemMapper.selectList_mpCount    : ==>  Preparing: SELECT COUNT(*) AS total FROM item WHERE (status = ?)
10:08:55:926 DEBUG 24468 --- [http-nio-8083-exec-9] c.h.i.m.ItemMapper.selectList_mpCount    : ==> Parameters: 1(Integer)
10:08:55:939 DEBUG 24468 --- [http-nio-8083-exec-9] c.h.i.m.ItemMapper.selectList_mpCount    : <==      Total: 1
10:08:55:943 DEBUG 24468 --- [http-nio-8083-exec-9] c.h.item.mapper.ItemMapper.selectList    : ==>  Preparing: SELECT id, name, price, stock, image, category, brand, spec, sold, comment_count, isAD, status, create_time, update_time, creater, updater FROM item WHERE (status = ?) ORDER BY update_time DESC LIMIT ?
10:08:55:945 DEBUG 24468 --- [http-nio-8083-exec-9] c.h.item.mapper.ItemMapper.selectList    : ==> Parameters: 1(Integer), 20(Long)
10:08:55:951 DEBUG 24468 --- [http-nio-8083-exec-9] c.h.item.mapper.ItemMapper.selectList    : <==      Total: 20
10:09:02:545 DEBUG 24468 --- [http-nio-8083-exec-10] c.h.i.m.ItemMapper.selectList_mpCount    : ==>  Preparing: SELECT COUNT(*) AS total FROM item WHERE (status = ?)
10:09:02:545 DEBUG 24468 --- [http-nio-8083-exec-10] c.h.i.m.ItemMapper.selectList_mpCount    : ==> Parameters: 1(Integer)
10:09:02:559 DEBUG 24468 --- [http-nio-8083-exec-10] c.h.i.m.ItemMapper.selectList_mpCount    : <==      Total: 1
10:09:02:561 DEBUG 24468 --- [http-nio-8083-exec-10] c.h.item.mapper.ItemMapper.selectList    : ==>  Preparing: SELECT id, name, price, stock, image, category, brand, spec, sold, comment_count, isAD, status, create_time, update_time, creater, updater FROM item WHERE (status = ?) ORDER BY update_time DESC LIMIT ?
10:09:02:562 DEBUG 24468 --- [http-nio-8083-exec-10] c.h.item.mapper.ItemMapper.selectList    : ==> Parameters: 1(Integer), 20(Long)
10:09:02:567 DEBUG 24468 --- [http-nio-8083-exec-10] c.h.item.mapper.ItemMapper.selectList    : <==      Total: 20
11:28:04:580  WARN 24468 --- [Thread-4] c.a.nacos.common.notify.NotifyCenter     : [NotifyCenter] Start destroying Publisher
11:28:04:580  WARN 24468 --- [Thread-7] c.a.n.common.http.HttpClientBeanHolder   : [HttpClientBeanHolder] Start destroying common HttpClient
11:28:04:581  WARN 24468 --- [Thread-4] c.a.nacos.common.notify.NotifyCenter     : [NotifyCenter] Destruction of the end
11:28:04:581  WARN 24468 --- [Thread-7] c.a.n.common.http.HttpClientBeanHolder   : [HttpClientBeanHolder] Destruction of the end
11:28:04:612  INFO 24468 --- [SpringApplicationShutdownHook] c.a.c.n.registry.NacosServiceRegistry    : De-registering from Nacos Server now...
11:28:04:616  INFO 24468 --- [SpringApplicationShutdownHook] c.a.c.n.registry.NacosServiceRegistry    : De-registration finished.
11:28:04:924  INFO 24468 --- [SpringApplicationShutdownHook] com.alibaba.nacos.common.remote.client   : Shutdown rpc client, set status to shutdown
11:28:04:924  INFO 24468 --- [SpringApplicationShutdownHook] com.alibaba.nacos.common.remote.client   : Shutdown client event executor java.util.concurrent.ScheduledThreadPoolExecutor@b048aa7[Running, pool size = 2, active threads = 2, queued tasks = 0, completed tasks = 0]
11:28:04:924  INFO 24468 --- [SpringApplicationShutdownHook] com.alibaba.nacos.common.remote.client   : Close current connection 1763345219413_192.168.100.1_56977
11:28:04:927  INFO 24468 --- [nacos-grpc-client-executor-1000] c.a.n.c.remote.client.grpc.GrpcClient    : [1763345219413_192.168.100.1_56977]Ignore complete event,isRunning:false,isAbandon=false
11:28:04:929  INFO 24468 --- [SpringApplicationShutdownHook] c.a.n.c.remote.client.grpc.GrpcClient    : Shutdown grpc executor java.util.concurrent.ThreadPoolExecutor@fd8c0a6[Running, pool size = 5, active threads = 0, queued tasks = 0, completed tasks = 1001]
11:28:04:934  INFO 24468 --- [SpringApplicationShutdownHook] com.zaxxer.hikari.HikariDataSource       : HikariPool-1 - Shutdown initiated...
11:28:04:947  INFO 24468 --- [SpringApplicationShutdownHook] com.zaxxer.hikari.HikariDataSource       : HikariPool-1 - Shutdown completed.
11:32:40:316  INFO 6500 --- [main] com.hmall.item.ItemApplication           : Starting ItemApplication using Java 17.0.15 on zzb with PID 6500 (D:\springcloudcode\hmall\item-service\target\classes started by 19119 in D:\springcloudcode\hmall)
11:32:40:318 DEBUG 6500 --- [main] com.hmall.item.ItemApplication           : Running with Spring Boot v2.7.12, Spring v5.3.27
11:32:40:319  INFO 6500 --- [main] com.hmall.item.ItemApplication           : The following 1 profile is active: "local"
11:32:41:530  INFO 6500 --- [main] o.s.cloud.context.scope.GenericScope     : BeanFactory id=34d563f5-092b-3ddb-867c-eb3c2beb9dbe
11:32:41:878  INFO 6500 --- [main] o.s.b.w.embedded.tomcat.TomcatWebServer  : Tomcat initialized with port(s): 8083 (http)
11:32:41:891  INFO 6500 --- [main] o.apache.catalina.core.StandardService   : Starting service [Tomcat]
11:32:41:891  INFO 6500 --- [main] org.apache.catalina.core.StandardEngine  : Starting Servlet engine: [Apache Tomcat/9.0.75]
11:32:41:991  INFO 6500 --- [main] o.a.c.c.C.[Tomcat].[localhost].[/]       : Initializing Spring embedded WebApplicationContext
11:32:41:991  INFO 6500 --- [main] w.s.c.ServletWebServerApplicationContext : Root WebApplicationContext: initialization completed in 1617 ms
11:32:44:158  INFO 6500 --- [main] o.s.cloud.commons.util.InetUtils         : Cannot determine local hostname
11:32:44:206  INFO 6500 --- [main] pertySourcedRequestMappingHandlerMapping : Mapped URL path [/v2/api-docs] onto method [springfox.documentation.swagger2.web.Swagger2ControllerWebMvc#getDocumentation(String, HttpServletRequest)]
11:32:45:422  INFO 6500 --- [main] o.s.cloud.commons.util.InetUtils         : Cannot determine local hostname
11:32:45:603  INFO 6500 --- [main] com.alibaba.nacos.common.remote.client   : [RpcClientFactory] create a new rpc client of 4f2d8730-8bd0-40d0-8924-bff47b547954
11:32:45:698  INFO 6500 --- [main] org.reflections.Reflections              : Reflections took 43 ms to scan 1 urls, producing 3 keys and 6 values 
11:32:45:715  INFO 26104 --- [main] com.hmall.item.ItemApplication           : Starting ItemApplication using Java 17.0.15 on zzb with PID 26104 (D:\springcloudcode\hmall\item-service\target\classes started by 19119 in D:\springcloudcode\hmall)
11:32:45:718 DEBUG 26104 --- [main] com.hmall.item.ItemApplication           : Running with Spring Boot v2.7.12, Spring v5.3.27
11:32:45:719  INFO 26104 --- [main] com.hmall.item.ItemApplication           : The following 1 profile is active: "local"
11:32:45:729  INFO 6500 --- [main] org.reflections.Reflections              : Reflections took 11 ms to scan 1 urls, producing 4 keys and 9 values 
11:32:45:741  INFO 6500 --- [main] org.reflections.Reflections              : Reflections took 8 ms to scan 1 urls, producing 3 keys and 10 values 
11:32:45:744  WARN 6500 --- [main] org.reflections.Reflections              : given scan urls are empty. set urls in the configuration
11:32:45:757  INFO 6500 --- [main] org.reflections.Reflections              : Reflections took 12 ms to scan 1 urls, producing 1 keys and 5 values 
11:32:45:767  INFO 6500 --- [main] org.reflections.Reflections              : Reflections took 8 ms to scan 1 urls, producing 1 keys and 7 values 
11:32:45:776  INFO 6500 --- [main] org.reflections.Reflections              : Reflections took 6 ms to scan 1 urls, producing 2 keys and 8 values 
11:32:45:778  WARN 6500 --- [main] org.reflections.Reflections              : given scan urls are empty. set urls in the configuration
11:32:45:780  INFO 6500 --- [main] com.alibaba.nacos.common.remote.client   : [4f2d8730-8bd0-40d0-8924-bff47b547954] RpcClient init label, labels = {module=naming, source=sdk}
11:32:45:782  INFO 6500 --- [main] com.alibaba.nacos.common.remote.client   : [4f2d8730-8bd0-40d0-8924-bff47b547954] RpcClient init, ServerListFactory = com.alibaba.nacos.client.naming.core.ServerListManager
11:32:45:782  INFO 6500 --- [main] com.alibaba.nacos.common.remote.client   : [4f2d8730-8bd0-40d0-8924-bff47b547954] Registry connection listener to current client:com.alibaba.nacos.client.naming.remote.gprc.redo.NamingGrpcRedoService
11:32:45:783  INFO 6500 --- [main] com.alibaba.nacos.common.remote.client   : [4f2d8730-8bd0-40d0-8924-bff47b547954] Register server push request handler:com.alibaba.nacos.client.naming.remote.gprc.NamingPushRequestHandler
11:32:45:785  INFO 6500 --- [main] com.alibaba.nacos.common.remote.client   : [4f2d8730-8bd0-40d0-8924-bff47b547954] Try to connect to server on start up, server: {serverIp = '192.168.100.130', server main port = 8848}
11:32:46:881  INFO 26104 --- [main] o.s.cloud.context.scope.GenericScope     : BeanFactory id=34d563f5-092b-3ddb-867c-eb3c2beb9dbe
11:32:46:898  INFO 6500 --- [main] com.alibaba.nacos.common.remote.client   : [4f2d8730-8bd0-40d0-8924-bff47b547954] Success to connect to server [192.168.100.130:8848] on start up, connectionId = 1763350367481_192.168.100.1_53325
11:32:46:899  INFO 6500 --- [com.alibaba.nacos.client.remote.worker] com.alibaba.nacos.common.remote.client   : [4f2d8730-8bd0-40d0-8924-bff47b547954] Notify connected event to listeners.
11:32:46:899  INFO 6500 --- [main] com.alibaba.nacos.common.remote.client   : [4f2d8730-8bd0-40d0-8924-bff47b547954] Register server push request handler:com.alibaba.nacos.common.remote.client.RpcClient$ConnectResetRequestHandler
11:32:46:899  INFO 6500 --- [main] com.alibaba.nacos.common.remote.client   : [4f2d8730-8bd0-40d0-8924-bff47b547954] Register server push request handler:com.alibaba.nacos.common.remote.client.RpcClient$$Lambda$953/0x000002588173e918
11:32:46:977  INFO 6500 --- [main] o.s.b.w.embedded.tomcat.TomcatWebServer  : Tomcat started on port(s): 8083 (http) with context path ''
11:32:46:989  INFO 6500 --- [main] c.a.c.n.registry.NacosServiceRegistry    : nacos registry, DEFAULT_GROUP item-service 192.168.100.1:8083 register finished
11:32:47:280  INFO 26104 --- [main] o.s.b.w.embedded.tomcat.TomcatWebServer  : Tomcat initialized with port(s): 8081 (http)
11:32:47:295  INFO 26104 --- [main] o.apache.catalina.core.StandardService   : Starting service [Tomcat]
11:32:47:296  INFO 26104 --- [main] org.apache.catalina.core.StandardEngine  : Starting Servlet engine: [Apache Tomcat/9.0.75]
11:32:47:431  INFO 26104 --- [main] o.a.c.c.C.[Tomcat].[localhost].[/]       : Initializing Spring embedded WebApplicationContext
11:32:47:432  INFO 26104 --- [main] w.s.c.ServletWebServerApplicationContext : Root WebApplicationContext: initialization completed in 1643 ms
11:32:47:536  INFO 6500 --- [nacos-grpc-client-executor-8] com.alibaba.nacos.common.remote.client   : [4f2d8730-8bd0-40d0-8924-bff47b547954] Receive server push request, request = NotifySubscriberRequest, requestId = 46
11:32:47:553  INFO 6500 --- [nacos-grpc-client-executor-8] com.alibaba.nacos.common.remote.client   : [4f2d8730-8bd0-40d0-8924-bff47b547954] Ack server push request, request = NotifySubscriberRequest, requestId = 46
11:32:48:192  INFO 6500 --- [main] o.s.cloud.commons.util.InetUtils         : Cannot determine local hostname
11:32:48:192  INFO 6500 --- [main] d.s.w.p.DocumentationPluginsBootstrapper : Documentation plugins bootstrapped
11:32:48:196  INFO 6500 --- [main] d.s.w.p.DocumentationPluginsBootstrapper : Found 1 custom documentation plugin(s)
11:32:48:232  INFO 6500 --- [main] s.d.s.w.s.ApiListingReferenceScanner     : Scanning for api listing references
11:32:48:366  INFO 6500 --- [main] com.hmall.item.ItemApplication           : Started ItemApplication in 9.884 seconds (JVM running for 10.512)
11:32:49:674  INFO 26104 --- [main] o.s.cloud.commons.util.InetUtils         : Cannot determine local hostname
11:32:49:705  INFO 26104 --- [main] pertySourcedRequestMappingHandlerMapping : Mapped URL path [/v2/api-docs] onto method [springfox.documentation.swagger2.web.Swagger2ControllerWebMvc#getDocumentation(String, HttpServletRequest)]
11:32:50:903  INFO 26104 --- [main] o.s.cloud.commons.util.InetUtils         : Cannot determine local hostname
11:32:51:006  INFO 26104 --- [main] com.alibaba.nacos.common.remote.client   : [RpcClientFactory] create a new rpc client of 111810eb-c07e-4ced-b2dc-036484674605
11:32:51:045  INFO 26104 --- [main] org.reflections.Reflections              : Reflections took 20 ms to scan 1 urls, producing 3 keys and 6 values 
11:32:51:059  INFO 26104 --- [main] org.reflections.Reflections              : Reflections took 5 ms to scan 1 urls, producing 4 keys and 9 values 
11:32:51:066  INFO 26104 --- [main] org.reflections.Reflections              : Reflections took 5 ms to scan 1 urls, producing 3 keys and 10 values 
11:32:51:067  WARN 26104 --- [main] org.reflections.Reflections              : given scan urls are empty. set urls in the configuration
11:32:51:071  INFO 26104 --- [main] org.reflections.Reflections              : Reflections took 4 ms to scan 1 urls, producing 1 keys and 5 values 
11:32:51:078  INFO 26104 --- [main] org.reflections.Reflections              : Reflections took 6 ms to scan 1 urls, producing 1 keys and 7 values 
11:32:51:083  INFO 26104 --- [main] org.reflections.Reflections              : Reflections took 4 ms to scan 1 urls, producing 2 keys and 8 values 
11:32:51:084  WARN 26104 --- [main] org.reflections.Reflections              : given scan urls are empty. set urls in the configuration
11:32:51:085  INFO 26104 --- [main] com.alibaba.nacos.common.remote.client   : [111810eb-c07e-4ced-b2dc-036484674605] RpcClient init label, labels = {module=naming, source=sdk}
11:32:51:086  INFO 26104 --- [main] com.alibaba.nacos.common.remote.client   : [111810eb-c07e-4ced-b2dc-036484674605] RpcClient init, ServerListFactory = com.alibaba.nacos.client.naming.core.ServerListManager
11:32:51:087  INFO 26104 --- [main] com.alibaba.nacos.common.remote.client   : [111810eb-c07e-4ced-b2dc-036484674605] Registry connection listener to current client:com.alibaba.nacos.client.naming.remote.gprc.redo.NamingGrpcRedoService
11:32:51:087  INFO 26104 --- [main] com.alibaba.nacos.common.remote.client   : [111810eb-c07e-4ced-b2dc-036484674605] Register server push request handler:com.alibaba.nacos.client.naming.remote.gprc.NamingPushRequestHandler
11:32:51:088  INFO 26104 --- [main] com.alibaba.nacos.common.remote.client   : [111810eb-c07e-4ced-b2dc-036484674605] Try to connect to server on start up, server: {serverIp = '192.168.100.130', server main port = 8848}
11:32:51:808  INFO 26104 --- [main] com.alibaba.nacos.common.remote.client   : [111810eb-c07e-4ced-b2dc-036484674605] Success to connect to server [192.168.100.130:8848] on start up, connectionId = 1763350372404_192.168.100.1_53337
11:32:51:808  INFO 26104 --- [com.alibaba.nacos.client.remote.worker] com.alibaba.nacos.common.remote.client   : [111810eb-c07e-4ced-b2dc-036484674605] Notify connected event to listeners.
11:32:51:808  INFO 26104 --- [main] com.alibaba.nacos.common.remote.client   : [111810eb-c07e-4ced-b2dc-036484674605] Register server push request handler:com.alibaba.nacos.common.remote.client.RpcClient$ConnectResetRequestHandler
11:32:51:810  INFO 26104 --- [main] com.alibaba.nacos.common.remote.client   : [111810eb-c07e-4ced-b2dc-036484674605] Register server push request handler:com.alibaba.nacos.common.remote.client.RpcClient$$Lambda$953/0x0000024d81738440
11:32:51:916  WARN 26104 --- [main] ConfigServletWebServerApplicationContext : Exception encountered during context initialization - cancelling refresh attempt: org.springframework.context.ApplicationContextException: Failed to start bean 'webServerStartStop'; nested exception is org.springframework.boot.web.server.PortInUseException: Port 8081 is already in use
11:32:52:425  INFO 26104 --- [nacos-grpc-client-executor-7] com.alibaba.nacos.common.remote.client   : [111810eb-c07e-4ced-b2dc-036484674605] Receive server push request, request = NotifySubscriberRequest, requestId = 48
11:32:52:436  INFO 26104 --- [nacos-grpc-client-executor-7] com.alibaba.nacos.common.remote.client   : [111810eb-c07e-4ced-b2dc-036484674605] Ack server push request, request = NotifySubscriberRequest, requestId = 48
11:32:52:572  INFO 26104 --- [main] com.alibaba.nacos.common.remote.client   : Shutdown rpc client, set status to shutdown
11:32:52:572  INFO 26104 --- [main] com.alibaba.nacos.common.remote.client   : Shutdown client event executor java.util.concurrent.ScheduledThreadPoolExecutor@7030b74c[Running, pool size = 2, active threads = 2, queued tasks = 0, completed tasks = 0]
11:32:52:572  INFO 26104 --- [main] com.alibaba.nacos.common.remote.client   : Close current connection 1763350372404_192.168.100.1_53337
11:32:52:575  INFO 26104 --- [nacos-grpc-client-executor-8] c.a.n.c.remote.client.grpc.GrpcClient    : [1763350372404_192.168.100.1_53337]Ignore complete event,isRunning:false,isAbandon=false
11:32:52:581  INFO 26104 --- [main] c.a.n.c.remote.client.grpc.GrpcClient    : Shutdown grpc executor java.util.concurrent.ThreadPoolExecutor@2337bf27[Running, pool size = 9, active threads = 0, queued tasks = 0, completed tasks = 9]
11:32:52:584  INFO 26104 --- [main] com.alibaba.nacos.common.remote.client   : [RpcClientFactory] create a new rpc client of 6bc44699-c3b9-4090-832c-a96c19d4e241
11:32:52:584  INFO 26104 --- [main] com.alibaba.nacos.common.remote.client   : [6bc44699-c3b9-4090-832c-a96c19d4e241] RpcClient init label, labels = {module=naming, source=sdk}
11:32:52:584  INFO 26104 --- [main] com.alibaba.nacos.common.remote.client   : [6bc44699-c3b9-4090-832c-a96c19d4e241] RpcClient init, ServerListFactory = com.alibaba.nacos.client.naming.core.ServerListManager
11:32:52:584  INFO 26104 --- [main] com.alibaba.nacos.common.remote.client   : [6bc44699-c3b9-4090-832c-a96c19d4e241] Registry connection listener to current client:com.alibaba.nacos.client.naming.remote.gprc.redo.NamingGrpcRedoService
11:32:52:584  INFO 26104 --- [main] com.alibaba.nacos.common.remote.client   : [6bc44699-c3b9-4090-832c-a96c19d4e241] Register server push request handler:com.alibaba.nacos.client.naming.remote.gprc.NamingPushRequestHandler
11:32:52:585  INFO 26104 --- [main] com.alibaba.nacos.common.remote.client   : [6bc44699-c3b9-4090-832c-a96c19d4e241] Try to connect to server on start up, server: {serverIp = '192.168.100.130', server main port = 8848}
11:32:52:710  INFO 26104 --- [main] com.alibaba.nacos.common.remote.client   : [6bc44699-c3b9-4090-832c-a96c19d4e241] Success to connect to server [192.168.100.130:8848] on start up, connectionId = 1763350373371_192.168.100.1_53338
11:32:52:710  INFO 26104 --- [main] com.alibaba.nacos.common.remote.client   : [6bc44699-c3b9-4090-832c-a96c19d4e241] Register server push request handler:com.alibaba.nacos.common.remote.client.RpcClient$ConnectResetRequestHandler
11:32:52:710  INFO 26104 --- [com.alibaba.nacos.client.remote.worker] com.alibaba.nacos.common.remote.client   : [6bc44699-c3b9-4090-832c-a96c19d4e241] Notify connected event to listeners.
11:32:52:710  INFO 26104 --- [main] com.alibaba.nacos.common.remote.client   : [6bc44699-c3b9-4090-832c-a96c19d4e241] Register server push request handler:com.alibaba.nacos.common.remote.client.RpcClient$$Lambda$953/0x0000024d81738440
11:32:52:720  INFO 26104 --- [main] o.apache.catalina.core.StandardService   : Stopping service [Tomcat]
11:32:52:733  INFO 26104 --- [main] ConditionEvaluationReportLoggingListener : 

Error starting ApplicationContext. To display the conditions report re-run your application with 'debug' enabled.
11:32:52:753 ERROR 26104 --- [main] o.s.b.d.LoggingFailureAnalysisReporter   : 

***************************
APPLICATION FAILED TO START
***************************

Description:

Web server failed to start. Port 8081 was already in use.

Action:

Identify and stop the process that's listening on port 8081 or configure this application to listen on another port.

11:32:52:754  WARN 26104 --- [Thread-7] c.a.n.common.http.HttpClientBeanHolder   : [HttpClientBeanHolder] Start destroying common HttpClient
11:32:52:754  WARN 26104 --- [Thread-4] c.a.nacos.common.notify.NotifyCenter     : [NotifyCenter] Start destroying Publisher
11:32:52:754  WARN 26104 --- [Thread-4] c.a.nacos.common.notify.NotifyCenter     : [NotifyCenter] Destruction of the end
11:32:52:755  WARN 26104 --- [Thread-7] c.a.n.common.http.HttpClientBeanHolder   : [HttpClientBeanHolder] Destruction of the end
11:34:09:979  WARN 6500 --- [Thread-7] c.a.n.common.http.HttpClientBeanHolder   : [HttpClientBeanHolder] Start destroying common HttpClient
11:34:09:979  WARN 6500 --- [Thread-4] c.a.nacos.common.notify.NotifyCenter     : [NotifyCenter] Start destroying Publisher
11:34:09:979  WARN 6500 --- [Thread-4] c.a.nacos.common.notify.NotifyCenter     : [NotifyCenter] Destruction of the end
11:34:09:979  WARN 6500 --- [Thread-7] c.a.n.common.http.HttpClientBeanHolder   : [HttpClientBeanHolder] Destruction of the end
11:34:10:028  INFO 6500 --- [SpringApplicationShutdownHook] c.a.c.n.registry.NacosServiceRegistry    : De-registering from Nacos Server now...
11:34:10:049  INFO 6500 --- [SpringApplicationShutdownHook] c.a.c.n.registry.NacosServiceRegistry    : De-registration finished.
11:34:10:373  INFO 6500 --- [SpringApplicationShutdownHook] com.alibaba.nacos.common.remote.client   : Shutdown rpc client, set status to shutdown
11:34:10:373  INFO 6500 --- [SpringApplicationShutdownHook] com.alibaba.nacos.common.remote.client   : Shutdown client event executor java.util.concurrent.ScheduledThreadPoolExecutor@35661929[Running, pool size = 2, active threads = 2, queued tasks = 0, completed tasks = 0]
11:34:10:373  INFO 6500 --- [SpringApplicationShutdownHook] com.alibaba.nacos.common.remote.client   : Close current connection 1763350367481_192.168.100.1_53325
11:34:10:378  INFO 6500 --- [SpringApplicationShutdownHook] c.a.n.c.remote.client.grpc.GrpcClient    : Shutdown grpc executor java.util.concurrent.ThreadPoolExecutor@5a4c265d[Running, pool size = 4, active threads = 0, queued tasks = 0, completed tasks = 28]
11:34:54:674  INFO 25260 --- [main] com.hmall.item.ItemApplication           : Starting ItemApplication using Java 17.0.15 on zzb with PID 25260 (D:\springcloudcode\hmall\item-service\target\classes started by 19119 in D:\springcloudcode\hmall)
11:34:54:679 DEBUG 25260 --- [main] com.hmall.item.ItemApplication           : Running with Spring Boot v2.7.12, Spring v5.3.27
11:34:54:680  INFO 25260 --- [main] com.hmall.item.ItemApplication           : The following 1 profile is active: "local"
11:34:56:184  INFO 25260 --- [main] o.s.cloud.context.scope.GenericScope     : BeanFactory id=34d563f5-092b-3ddb-867c-eb3c2beb9dbe
11:34:56:627  INFO 25260 --- [main] o.s.b.w.embedded.tomcat.TomcatWebServer  : Tomcat initialized with port(s): 8083 (http)
11:34:56:654  INFO 25260 --- [main] o.apache.catalina.core.StandardService   : Starting service [Tomcat]
11:34:56:654  INFO 25260 --- [main] org.apache.catalina.core.StandardEngine  : Starting Servlet engine: [Apache Tomcat/9.0.75]
11:34:56:838  INFO 25260 --- [main] o.a.c.c.C.[Tomcat].[localhost].[/]       : Initializing Spring embedded WebApplicationContext
11:34:56:838  INFO 25260 --- [main] w.s.c.ServletWebServerApplicationContext : Root WebApplicationContext: initialization completed in 2084 ms
11:34:59:661  INFO 25260 --- [main] o.s.cloud.commons.util.InetUtils         : Cannot determine local hostname
11:34:59:704  INFO 25260 --- [main] pertySourcedRequestMappingHandlerMapping : Mapped URL path [/v2/api-docs] onto method [springfox.documentation.swagger2.web.Swagger2ControllerWebMvc#getDocumentation(String, HttpServletRequest)]
11:35:00:970  INFO 25260 --- [main] o.s.cloud.commons.util.InetUtils         : Cannot determine local hostname
11:35:01:114  INFO 25260 --- [main] com.alibaba.nacos.common.remote.client   : [RpcClientFactory] create a new rpc client of 7589025a-4222-4dc5-b2a0-ef22e1bb914e
11:35:01:178  INFO 25260 --- [main] org.reflections.Reflections              : Reflections took 29 ms to scan 1 urls, producing 3 keys and 6 values 
11:35:01:214  INFO 25260 --- [main] org.reflections.Reflections              : Reflections took 14 ms to scan 1 urls, producing 4 keys and 9 values 
11:35:01:224  INFO 25260 --- [main] org.reflections.Reflections              : Reflections took 6 ms to scan 1 urls, producing 3 keys and 10 values 
11:35:01:226  WARN 25260 --- [main] org.reflections.Reflections              : given scan urls are empty. set urls in the configuration
11:35:01:234  INFO 25260 --- [main] org.reflections.Reflections              : Reflections took 7 ms to scan 1 urls, producing 1 keys and 5 values 
11:35:01:245  INFO 25260 --- [main] org.reflections.Reflections              : Reflections took 8 ms to scan 1 urls, producing 1 keys and 7 values 
11:35:01:255  INFO 25260 --- [main] org.reflections.Reflections              : Reflections took 8 ms to scan 1 urls, producing 2 keys and 8 values 
11:35:01:257  WARN 25260 --- [main] org.reflections.Reflections              : given scan urls are empty. set urls in the configuration
11:35:01:258  INFO 25260 --- [main] com.alibaba.nacos.common.remote.client   : [7589025a-4222-4dc5-b2a0-ef22e1bb914e] RpcClient init label, labels = {module=naming, source=sdk}
11:35:01:261  INFO 25260 --- [main] com.alibaba.nacos.common.remote.client   : [7589025a-4222-4dc5-b2a0-ef22e1bb914e] RpcClient init, ServerListFactory = com.alibaba.nacos.client.naming.core.ServerListManager
11:35:01:261  INFO 25260 --- [main] com.alibaba.nacos.common.remote.client   : [7589025a-4222-4dc5-b2a0-ef22e1bb914e] Registry connection listener to current client:com.alibaba.nacos.client.naming.remote.gprc.redo.NamingGrpcRedoService
11:35:01:262  INFO 25260 --- [main] com.alibaba.nacos.common.remote.client   : [7589025a-4222-4dc5-b2a0-ef22e1bb914e] Register server push request handler:com.alibaba.nacos.client.naming.remote.gprc.NamingPushRequestHandler
11:35:01:264  INFO 25260 --- [main] com.alibaba.nacos.common.remote.client   : [7589025a-4222-4dc5-b2a0-ef22e1bb914e] Try to connect to server on start up, server: {serverIp = '192.168.100.130', server main port = 8848}
11:35:02:418  INFO 25260 --- [main] com.alibaba.nacos.common.remote.client   : [7589025a-4222-4dc5-b2a0-ef22e1bb914e] Success to connect to server [192.168.100.130:8848] on start up, connectionId = 1763350502976_192.168.100.1_54903
11:35:02:419  INFO 25260 --- [com.alibaba.nacos.client.remote.worker] com.alibaba.nacos.common.remote.client   : [7589025a-4222-4dc5-b2a0-ef22e1bb914e] Notify connected event to listeners.
11:35:02:419  INFO 25260 --- [main] com.alibaba.nacos.common.remote.client   : [7589025a-4222-4dc5-b2a0-ef22e1bb914e] Register server push request handler:com.alibaba.nacos.common.remote.client.RpcClient$ConnectResetRequestHandler
11:35:02:419  INFO 25260 --- [main] com.alibaba.nacos.common.remote.client   : [7589025a-4222-4dc5-b2a0-ef22e1bb914e] Register server push request handler:com.alibaba.nacos.common.remote.client.RpcClient$$Lambda$953/0x00000204817346b8
11:35:02:503  INFO 25260 --- [main] o.s.b.w.embedded.tomcat.TomcatWebServer  : Tomcat started on port(s): 8083 (http) with context path ''
11:35:02:516  INFO 25260 --- [main] c.a.c.n.registry.NacosServiceRegistry    : nacos registry, DEFAULT_GROUP item-service 192.168.100.1:8083 register finished
11:35:03:042  INFO 25260 --- [nacos-grpc-client-executor-9] com.alibaba.nacos.common.remote.client   : [7589025a-4222-4dc5-b2a0-ef22e1bb914e] Receive server push request, request = NotifySubscriberRequest, requestId = 57
11:35:03:055  INFO 25260 --- [nacos-grpc-client-executor-9] com.alibaba.nacos.common.remote.client   : [7589025a-4222-4dc5-b2a0-ef22e1bb914e] Ack server push request, request = NotifySubscriberRequest, requestId = 57
11:35:03:711  INFO 25260 --- [main] o.s.cloud.commons.util.InetUtils         : Cannot determine local hostname
11:35:03:712  INFO 25260 --- [main] d.s.w.p.DocumentationPluginsBootstrapper : Documentation plugins bootstrapped
11:35:03:715  INFO 25260 --- [main] d.s.w.p.DocumentationPluginsBootstrapper : Found 1 custom documentation plugin(s)
11:35:03:749  INFO 25260 --- [main] s.d.s.w.s.ApiListingReferenceScanner     : Scanning for api listing references
11:35:03:914  INFO 25260 --- [main] com.hmall.item.ItemApplication           : Started ItemApplication in 11.176 seconds (JVM running for 11.869)
11:35:04:102  INFO 26556 --- [main] com.hmall.item.ItemApplication           : Starting ItemApplication using Java 17.0.15 on zzb with PID 26556 (D:\springcloudcode\hmall\item-service\target\classes started by 19119 in D:\springcloudcode\hmall)
11:35:04:104 DEBUG 26556 --- [main] com.hmall.item.ItemApplication           : Running with Spring Boot v2.7.12, Spring v5.3.27
11:35:04:105  INFO 26556 --- [main] com.hmall.item.ItemApplication           : The following 1 profile is active: "local"
11:35:05:023  INFO 26556 --- [main] o.s.cloud.context.scope.GenericScope     : BeanFactory id=34d563f5-092b-3ddb-867c-eb3c2beb9dbe
11:35:05:368  INFO 26556 --- [main] o.s.b.w.embedded.tomcat.TomcatWebServer  : Tomcat initialized with port(s): 8081 (http)
11:35:05:378  INFO 26556 --- [main] o.apache.catalina.core.StandardService   : Starting service [Tomcat]
11:35:05:378  INFO 26556 --- [main] org.apache.catalina.core.StandardEngine  : Starting Servlet engine: [Apache Tomcat/9.0.75]
11:35:05:487  INFO 26556 --- [main] o.a.c.c.C.[Tomcat].[localhost].[/]       : Initializing Spring embedded WebApplicationContext
11:35:05:487  INFO 26556 --- [main] w.s.c.ServletWebServerApplicationContext : Root WebApplicationContext: initialization completed in 1334 ms
11:35:07:522  INFO 26556 --- [main] o.s.cloud.commons.util.InetUtils         : Cannot determine local hostname
11:35:07:560  INFO 26556 --- [main] pertySourcedRequestMappingHandlerMapping : Mapped URL path [/v2/api-docs] onto method [springfox.documentation.swagger2.web.Swagger2ControllerWebMvc#getDocumentation(String, HttpServletRequest)]
11:35:08:783  INFO 26556 --- [main] o.s.cloud.commons.util.InetUtils         : Cannot determine local hostname
11:35:08:886  INFO 26556 --- [main] com.alibaba.nacos.common.remote.client   : [RpcClientFactory] create a new rpc client of eac7b8c0-b880-4690-9275-fa30ee813a00
11:35:08:932  INFO 26556 --- [main] org.reflections.Reflections              : Reflections took 24 ms to scan 1 urls, producing 3 keys and 6 values 
11:35:08:954  INFO 26556 --- [main] org.reflections.Reflections              : Reflections took 9 ms to scan 1 urls, producing 4 keys and 9 values 
11:35:08:963  INFO 26556 --- [main] org.reflections.Reflections              : Reflections took 6 ms to scan 1 urls, producing 3 keys and 10 values 
11:35:08:964  WARN 26556 --- [main] org.reflections.Reflections              : given scan urls are empty. set urls in the configuration
11:35:08:971  INFO 26556 --- [main] org.reflections.Reflections              : Reflections took 5 ms to scan 1 urls, producing 1 keys and 5 values 
11:35:08:979  INFO 26556 --- [main] org.reflections.Reflections              : Reflections took 6 ms to scan 1 urls, producing 1 keys and 7 values 
11:35:08:988  INFO 26556 --- [main] org.reflections.Reflections              : Reflections took 7 ms to scan 1 urls, producing 2 keys and 8 values 
11:35:08:990  WARN 26556 --- [main] org.reflections.Reflections              : given scan urls are empty. set urls in the configuration
11:35:08:991  INFO 26556 --- [main] com.alibaba.nacos.common.remote.client   : [eac7b8c0-b880-4690-9275-fa30ee813a00] RpcClient init label, labels = {module=naming, source=sdk}
11:35:08:992  INFO 26556 --- [main] com.alibaba.nacos.common.remote.client   : [eac7b8c0-b880-4690-9275-fa30ee813a00] RpcClient init, ServerListFactory = com.alibaba.nacos.client.naming.core.ServerListManager
11:35:08:992  INFO 26556 --- [main] com.alibaba.nacos.common.remote.client   : [eac7b8c0-b880-4690-9275-fa30ee813a00] Registry connection listener to current client:com.alibaba.nacos.client.naming.remote.gprc.redo.NamingGrpcRedoService
11:35:08:993  INFO 26556 --- [main] com.alibaba.nacos.common.remote.client   : [eac7b8c0-b880-4690-9275-fa30ee813a00] Register server push request handler:com.alibaba.nacos.client.naming.remote.gprc.NamingPushRequestHandler
11:35:08:995  INFO 26556 --- [main] com.alibaba.nacos.common.remote.client   : [eac7b8c0-b880-4690-9275-fa30ee813a00] Try to connect to server on start up, server: {serverIp = '192.168.100.130', server main port = 8848}
11:35:09:902  INFO 26556 --- [main] com.alibaba.nacos.common.remote.client   : [eac7b8c0-b880-4690-9275-fa30ee813a00] Success to connect to server [192.168.100.130:8848] on start up, connectionId = 1763350510481_192.168.100.1_54964
11:35:09:903  INFO 26556 --- [com.alibaba.nacos.client.remote.worker] com.alibaba.nacos.common.remote.client   : [eac7b8c0-b880-4690-9275-fa30ee813a00] Notify connected event to listeners.
11:35:09:903  INFO 26556 --- [main] com.alibaba.nacos.common.remote.client   : [eac7b8c0-b880-4690-9275-fa30ee813a00] Register server push request handler:com.alibaba.nacos.common.remote.client.RpcClient$ConnectResetRequestHandler
11:35:09:904  INFO 26556 --- [main] com.alibaba.nacos.common.remote.client   : [eac7b8c0-b880-4690-9275-fa30ee813a00] Register server push request handler:com.alibaba.nacos.common.remote.client.RpcClient$$Lambda$953/0x00000185017391e8
11:35:09:974  INFO 26556 --- [main] o.s.b.w.embedded.tomcat.TomcatWebServer  : Tomcat started on port(s): 8081 (http) with context path ''
11:35:09:984  INFO 26556 --- [main] c.a.c.n.registry.NacosServiceRegistry    : nacos registry, DEFAULT_GROUP item-service 192.168.100.1:8081 register finished
11:35:10:467  INFO 25260 --- [nacos-grpc-client-executor-11] com.alibaba.nacos.common.remote.client   : [7589025a-4222-4dc5-b2a0-ef22e1bb914e] Receive server push request, request = NotifySubscriberRequest, requestId = 60
11:35:10:475  INFO 26556 --- [nacos-grpc-client-executor-9] com.alibaba.nacos.common.remote.client   : [eac7b8c0-b880-4690-9275-fa30ee813a00] Receive server push request, request = NotifySubscriberRequest, requestId = 61
11:35:10:485  INFO 25260 --- [nacos-grpc-client-executor-11] com.alibaba.nacos.common.remote.client   : [7589025a-4222-4dc5-b2a0-ef22e1bb914e] Ack server push request, request = NotifySubscriberRequest, requestId = 60
11:35:10:485  INFO 26556 --- [nacos-grpc-client-executor-9] com.alibaba.nacos.common.remote.client   : [eac7b8c0-b880-4690-9275-fa30ee813a00] Ack server push request, request = NotifySubscriberRequest, requestId = 61
11:35:11:146  INFO 26556 --- [main] o.s.cloud.commons.util.InetUtils         : Cannot determine local hostname
11:35:11:147  INFO 26556 --- [main] d.s.w.p.DocumentationPluginsBootstrapper : Documentation plugins bootstrapped
11:35:11:150  INFO 26556 --- [main] d.s.w.p.DocumentationPluginsBootstrapper : Found 1 custom documentation plugin(s)
11:35:11:182  INFO 26556 --- [main] s.d.s.w.s.ApiListingReferenceScanner     : Scanning for api listing references
11:35:11:290  INFO 26556 --- [main] com.hmall.item.ItemApplication           : Started ItemApplication in 9.027 seconds (JVM running for 9.731)
11:35:37:459  INFO 26556 --- [http-nio-8081-exec-1] o.a.c.c.C.[Tomcat].[localhost].[/]       : Initializing Spring DispatcherServlet 'dispatcherServlet'
11:35:37:459  INFO 26556 --- [http-nio-8081-exec-1] o.s.web.servlet.DispatcherServlet        : Initializing Servlet 'dispatcherServlet'
11:35:37:460  INFO 26556 --- [http-nio-8081-exec-1] o.s.web.servlet.DispatcherServlet        : Completed initialization in 1 ms
11:35:37:786  INFO 26556 --- [http-nio-8081-exec-1] com.zaxxer.hikari.HikariDataSource       : HikariPool-1 - Starting...
11:35:38:381  INFO 26556 --- [http-nio-8081-exec-1] com.zaxxer.hikari.HikariDataSource       : HikariPool-1 - Start completed.
11:35:38:392 DEBUG 26556 --- [http-nio-8081-exec-1] c.h.i.m.ItemMapper.selectList_mpCount    : ==>  Preparing: SELECT COUNT(*) AS total FROM item
11:35:38:433 DEBUG 26556 --- [http-nio-8081-exec-1] c.h.i.m.ItemMapper.selectList_mpCount    : ==> Parameters: 
11:35:38:530 DEBUG 26556 --- [http-nio-8081-exec-1] c.h.i.m.ItemMapper.selectList_mpCount    : <==      Total: 1
11:35:38:547 DEBUG 26556 --- [http-nio-8081-exec-1] c.h.item.mapper.ItemMapper.selectList    : ==>  Preparing: SELECT id, name, price, stock, image, category, brand, spec, sold, comment_count, isAD, status, create_time, update_time, creater, updater FROM item ORDER BY update_time DESC LIMIT ?
11:35:38:548 DEBUG 26556 --- [http-nio-8081-exec-1] c.h.item.mapper.ItemMapper.selectList    : ==> Parameters: 20(Long)
11:35:38:576 DEBUG 26556 --- [http-nio-8081-exec-1] c.h.item.mapper.ItemMapper.selectList    : <==      Total: 20
11:36:31:855  INFO 25260 --- [http-nio-8083-exec-1] o.a.c.c.C.[Tomcat].[localhost].[/]       : Initializing Spring DispatcherServlet 'dispatcherServlet'
11:36:31:855  INFO 25260 --- [http-nio-8083-exec-1] o.s.web.servlet.DispatcherServlet        : Initializing Servlet 'dispatcherServlet'
11:36:31:857  INFO 25260 --- [http-nio-8083-exec-1] o.s.web.servlet.DispatcherServlet        : Completed initialization in 2 ms
11:36:31:986  INFO 25260 --- [http-nio-8083-exec-1] com.zaxxer.hikari.HikariDataSource       : HikariPool-1 - Starting...
11:36:32:491  INFO 25260 --- [http-nio-8083-exec-1] com.zaxxer.hikari.HikariDataSource       : HikariPool-1 - Start completed.
11:36:32:500 DEBUG 25260 --- [http-nio-8083-exec-1] c.h.i.mapper.ItemMapper.selectBatchIds   : ==>  Preparing: SELECT id,name,price,stock,image,category,brand,spec,sold,comment_count,isAD,status,create_time,update_time,creater,updater FROM item WHERE id IN ( ? )
11:36:32:541 DEBUG 25260 --- [http-nio-8083-exec-1] c.h.i.mapper.ItemMapper.selectBatchIds   : ==> Parameters: 100000006163(Long)
11:36:32:594 DEBUG 25260 --- [http-nio-8083-exec-1] c.h.i.mapper.ItemMapper.selectBatchIds   : <==      Total: 1
11:36:40:503 DEBUG 26556 --- [http-nio-8081-exec-3] c.h.i.mapper.ItemMapper.selectBatchIds   : ==>  Preparing: SELECT id,name,price,stock,image,category,brand,spec,sold,comment_count,isAD,status,create_time,update_time,creater,updater FROM item WHERE id IN ( ? )
11:36:40:504 DEBUG 26556 --- [http-nio-8081-exec-3] c.h.i.mapper.ItemMapper.selectBatchIds   : ==> Parameters: 100000006163(Long)
11:36:40:509 DEBUG 26556 --- [http-nio-8081-exec-3] c.h.i.mapper.ItemMapper.selectBatchIds   : <==      Total: 1
